{"C:\\Users\\asror\\OneDrive\\Рабочий стол\\shodon cloud\\client\\src\\helpers\\truncate.ts": {"path":"C:\\Users\\asror\\OneDrive\\Рабочий стол\\shodon cloud\\client\\src\\helpers\\truncate.ts","all":false,"statementMap":{"0":{"start":{"line":1,"column":0},"end":{"line":1,"column":45}},"1":{"start":{"line":2,"column":0},"end":{"line":2,"column":18}},"2":{"start":{"line":3,"column":0},"end":{"line":3,"column":79}},"3":{"start":{"line":4,"column":0},"end":{"line":4,"column":5}},"4":{"start":{"line":5,"column":0},"end":{"line":5,"column":4}},"5":{"start":{"line":6,"column":0},"end":{"line":6,"column":28}},"6":{"start":{"line":7,"column":0},"end":{"line":7,"column":41}},"7":{"start":{"line":8,"column":0},"end":{"line":8,"column":5}},"8":{"start":{"line":9,"column":0},"end":{"line":9,"column":0}},"9":{"start":{"line":10,"column":0},"end":{"line":10,"column":15}},"10":{"start":{"line":11,"column":0},"end":{"line":11,"column":1}},"11":{"start":{"line":12,"column":0},"end":{"line":12,"column":0}},"12":{"start":{"line":13,"column":0},"end":{"line":13,"column":24}}},"s":{"0":9,"1":9,"2":0,"3":0,"4":9,"5":9,"6":5,"7":5,"8":4,"9":4,"10":4,"11":1,"12":1},"branchMap":{"0":{"type":"branch","line":1,"loc":{"start":{"line":1,"column":0},"end":{"line":11,"column":1}},"locations":[{"start":{"line":1,"column":0},"end":{"line":11,"column":1}}]},"1":{"type":"branch","line":2,"loc":{"start":{"line":2,"column":17},"end":{"line":4,"column":5}},"locations":[{"start":{"line":2,"column":17},"end":{"line":4,"column":5}}]},"2":{"type":"branch","line":6,"loc":{"start":{"line":6,"column":27},"end":{"line":8,"column":5}},"locations":[{"start":{"line":6,"column":27},"end":{"line":8,"column":5}}]},"3":{"type":"branch","line":9,"loc":{"start":{"line":9,"column":-2},"end":{"line":11,"column":1}},"locations":[{"start":{"line":9,"column":-2},"end":{"line":11,"column":1}}]}},"b":{"0":[9],"1":[0],"2":[5],"3":[4]},"fnMap":{"0":{"name":"truncate","decl":{"start":{"line":1,"column":0},"end":{"line":11,"column":1}},"loc":{"start":{"line":1,"column":0},"end":{"line":11,"column":1}},"line":1}},"f":{"0":9}}
}
